fusedlibrary/build/outputs/logs/manifest-merger-mergeManifest-report.txt
-- Merging decision tree log ---
manifest
ADDED from tmp/FusedLibraryManifestMerger/tempAndroidManifest18318390819848680718.xml:2:13-83
INJECTED from tmp/FusedLibraryManifestMerger/tempAndroidManifest18318390819848680718.xml:2:13-83
	package
		INJECTED from tmp/FusedLibraryManifestMerger/tempAndroidManifest18318390819848680718.xml
	xmlns:android
		ADDED from tmp/FusedLibraryManifestMerger/tempAndroidManifest18318390819848680718.xml:2:23-81
uses-sdk
INJECTED from tmp/FusedLibraryManifestMerger/tempAndroidManifest18318390819848680718.xml reason: use-sdk injection requested
INJECTED from tmp/FusedLibraryManifestMerger/tempAndroidManifest18318390819848680718.xml
	android:minSdkVersion
		INJECTED from tmp/FusedLibraryManifestMerger/tempAndroidManifest18318390819848680718.xml